<?xml version="1.0" encoding="UTF-8"?>
<testng-results ignored="0" total="2" passed="2" failed="0" skipped="0">
  <reporter-output>
  </reporter-output>
  <suite started-at="2024-04-20T17:13:31 IST" name="Default suite" finished-at="2024-04-20T17:13:31 IST" duration-ms="42">
    <groups>
    </groups>
    <test started-at="2024-04-20T17:13:31 IST" name="Default test" finished-at="2024-04-20T17:13:31 IST" duration-ms="42">
      <class name="TestNGPractice.Anotations">
        <test-method signature="Priority()[pri:0, instance:TestNGPractice.Anotations@6d4e5011]" started-at="2024-04-20T17:13:31 IST" name="Priority" finished-at="2024-04-20T17:13:31 IST" duration-ms="7" status="PASS">
          <reporter-output>
          </reporter-output>
        </test-method> <!-- Priority -->
        <test-method signature="First()[pri:1, instance:TestNGPractice.Anotations@6d4e5011]" started-at="2024-04-20T17:13:31 IST" name="First" finished-at="2024-04-20T17:13:31 IST" duration-ms="1" status="PASS">
          <reporter-output>
          </reporter-output>
        </test-method> <!-- First -->
      </class> <!-- TestNGPractice.Anotations -->
    </test> <!-- Default test -->
  </suite> <!-- Default suite -->
</testng-results>
